Using pre-set license
Built from '2023.1/staging' branch; Version is '2023.1.19f1 (629111e352bc) revision 6459665'; Using compiler version '192829333'; Build Type 'Release'
OS: 'Windows 11  (10.0.22621) 64bit Core' Language: 'en' Physical Memory: 16215 MB
BatchMode: 1, IsHumanControllingUs: 0, StartBugReporterOnCrash: 0, Is64bit: 1, IsPro: 1

COMMAND LINE ARGUMENTS:
C:\Program Files\Unity\Hub\Editor\2023.1.19f1\Editor\Unity.exe
-adb2
-batchMode
-noUpm
-name
AssetImportWorker0
-projectPath
C:/Users/jonah/assignment 3
-logFile
Logs/AssetImportWorker0.log
-srvPort
54950
Successfully changed project path to: C:/Users/jonah/assignment 3
C:/Users/jonah/assignment 3
[UnityMemory] Configuration Parameters - Can be set up in boot.config
    "memorysetup-bucket-allocator-granularity=16"
    "memorysetup-bucket-allocator-bucket-count=8"
    "memorysetup-bucket-allocator-block-size=33554432"
    "memorysetup-bucket-allocator-block-count=8"
    "memorysetup-main-allocator-block-size=16777216"
    "memorysetup-thread-allocator-block-size=16777216"
    "memorysetup-gfx-main-allocator-block-size=16777216"
    "memorysetup-gfx-thread-allocator-block-size=16777216"
    "memorysetup-cache-allocator-block-size=4194304"
    "memorysetup-typetree-allocator-block-size=2097152"
    "memorysetup-profiler-bucket-allocator-granularity=16"
    "memorysetup-profiler-bucket-allocator-bucket-count=8"
    "memorysetup-profiler-bucket-allocator-block-size=33554432"
    "memorysetup-profiler-bucket-allocator-block-count=8"
    "memorysetup-profiler-allocator-block-size=16777216"
    "memorysetup-profiler-editor-allocator-block-size=1048576"
    "memorysetup-temp-allocator-size-main=16777216"
    "memorysetup-job-temp-allocator-block-size=2097152"
    "memorysetup-job-temp-allocator-block-size-background=1048576"
    "memorysetup-job-temp-allocator-reduction-small-platforms=262144"
    "memorysetup-allocator-temp-initial-block-size-main=262144"
    "memorysetup-allocator-temp-initial-block-size-worker=262144"
    "memorysetup-temp-allocator-size-background-worker=32768"
    "memorysetup-temp-allocator-size-job-worker=262144"
    "memorysetup-temp-allocator-size-preload-manager=33554432"
    "memorysetup-temp-allocator-size-nav-mesh-worker=65536"
    "memorysetup-temp-allocator-size-audio-worker=65536"
    "memorysetup-temp-allocator-size-cloud-worker=32768"
    "memorysetup-temp-allocator-size-gi-baking-worker=262144"
    "memorysetup-temp-allocator-size-gfx=262144"
Player connection [34756] Host "[IP] 192.168.2.17 [Port] 0 [Flags] 2 [Guid] 1812801462 [EditorId] 1812801462 [Version] 1048832 [Id] WindowsEditor(7,LAPTOP-B7D8H6HN) [Debug] 1 [PackageName] WindowsEditor [ProjectName] Editor" joined multi-casting on [225.0.0.222:54997]...

Player connection [34756] Host "[IP] 192.168.2.17 [Port] 0 [Flags] 2 [Guid] 1812801462 [EditorId] 1812801462 [Version] 1048832 [Id] WindowsEditor(7,LAPTOP-B7D8H6HN) [Debug] 1 [PackageName] WindowsEditor [ProjectName] Editor" joined alternative multi-casting on [225.0.0.222:34997]...

[Physics::Module] Initialized MultithreadedJobDispatcher with 11 workers.
Library Redirect Path: Library/Refreshing native plugins compatible for Editor in 8.40 ms, found 3 plugins.
Preloading 0 native plugins for Editor in 0.00 ms.
Initialize engine version: 2023.1.19f1 (629111e352bc)
[Subsystems] Discovering subsystems at path C:/Program Files/Unity/Hub/Editor/2023.1.19f1/Editor/Data/Resources/UnitySubsystems
[Subsystems] Discovering subsystems at path C:/Users/jonah/assignment 3/Assets
GfxDevice: creating device client; threaded=0; jobified=0
Direct3D:
    Version:  Direct3D 11.0 [level 11.1]
    Renderer: NVIDIA GeForce GTX 1650 Ti (ID=0x1f95)
    Vendor:   NVIDIA
    VRAM:     3949 MB
    Driver:   31.0.15.3713
Initialize mono
Mono path[0] = 'C:/Program Files/Unity/Hub/Editor/2023.1.19f1/Editor/Data/Managed'
Mono path[1] = 'C:/Program Files/Unity/Hub/Editor/2023.1.19f1/Editor/Data/MonoBleedingEdge/lib/mono/unityjit-win32'
Mono config path = 'C:/Program Files/Unity/Hub/Editor/2023.1.19f1/Editor/Data/MonoBleedingEdge/etc'
Using monoOptions --debugger-agent=transport=dt_socket,embedding=1,server=y,suspend=n,address=127.0.0.1:56224
Begin MonoManager ReloadAssembly
C:\build\output\Unity-Technologies\mono\mono\metadata\icall.c:1842:
C:\build\output\Unity-Technologies\mono\mono\metadata\icall.c:1842:
C:\build\output\Unity-Technologies\mono\mono\metadata\icall.c:1842:
C:\build\output\Unity-Technologies\mono\mono\metadata\icall.c:1842:
C:\build\output\Unity-Technologies\mono\mono\metadata\icall.c:1842:
C:\build\output\Unity-Technologies\mono\mono\metadata\icall.c:1842:
C:\build\output\Unity-Technologies\mono\mono\metadata\icall.c:1842:
C:\build\output\Unity-Technologies\mono\mono\metadata\icall.c:1842:
C:\build\output\Unity-Technologies\mono\mono\metadata\icall.c:1842:
C:\build\output\Unity-Technologies\mono\mono\metadata\icall.c:1842:
Registering precompiled unity dll's ...
Register platform support module: C:/Program Files/Unity/Hub/Editor/2023.1.19f1/Editor/Data/PlaybackEngines/WebGLSupport/UnityEditor.WebGL.Extensions.dll
Register platform support module: C:/Program Files/Unity/Hub/Editor/2023.1.19f1/Editor/Data/PlaybackEngines/WindowsStandaloneSupport/UnityEditor.WindowsStandalone.Extensions.dll
Register platform support module: C:/Program Files/Unity/Hub/Editor/2023.1.19f1/Editor/Data/PlaybackEngines/AndroidPlayer/UnityEditor.Android.Extensions.dll
Registered in 0.006378 seconds.
- Loaded All Assemblies, in  0.561 seconds
Native extension for Android target not found
Android Extension - Scanning For ADB Devices 264 ms
Native extension for WindowsStandalone target not found
Native extension for WebGL target not found
Mono: successfully reloaded assembly
C:\build\output\Unity-Technologies\mono\mono\metadata\icall.c:1842:
C:\build\output\Unity-Technologies\mono\mono\metadata\icall.c:1842:
- Finished resetting the current domain, in  0.727 seconds
Domain Reload Profiling: 1286ms
	BeginReloadAssembly (159ms)
		ExecutionOrderSort (0ms)
		DisableScriptedObjects (0ms)
		BackupInstance (0ms)
		ReleaseScriptingObjects (0ms)
		CreateAndSetChildDomain (1ms)
	RebuildCommonClasses (62ms)
	RebuildNativeTypeToScriptingClass (19ms)
	initialDomainReloadingComplete (71ms)
	LoadAllAssembliesAndSetupDomain (248ms)
		LoadAssemblies (157ms)
		RebuildTransferFunctionScriptingTraits (0ms)
		AnalyzeDomain (240ms)
			TypeCache.Refresh (239ms)
				TypeCache.ScanAssembly (220ms)
			ScanForSourceGeneratedMonoScriptInfo (1ms)
			ResolveRequiredComponents (0ms)
	FinalizeReload (728ms)
		ReleaseScriptCaches (0ms)
		RebuildScriptCaches (0ms)
		SetupLoadedEditorAssemblies (670ms)
			LogAssemblyErrors (0ms)
			InitializePlatformSupportModulesInManaged (420ms)
			SetLoadedEditorAssemblies (4ms)
			BeforeProcessingInitializeOnLoad (9ms)
			ProcessInitializeOnLoadAttributes (162ms)
			ProcessInitializeOnLoadMethodAttributes (75ms)
			AfterProcessingInitializeOnLoad (0ms)
			EditorAssembliesLoaded (0ms)
		ExecutionOrderSort2 (0ms)
		AwakeInstancesAfterBackupRestoration (0ms)
========================================================================
Worker process is ready to serve import requests
Import Worker Mode flag is 0x00
Begin MonoManager ReloadAssembly
C:\build\output\Unity-Technologies\mono\mono\metadata\icall.c:1842:
C:\build\output\Unity-Technologies\mono\mono\metadata\icall.c:1842:
C:\build\output\Unity-Technologies\mono\mono\metadata\icall.c:1842:
C:\build\output\Unity-Technologies\mono\mono\metadata\icall.c:1842:
C:\build\output\Unity-Technologies\mono\mono\metadata\icall.c:1842:
C:\build\output\Unity-Technologies\mono\mono\metadata\icall.c:1842:
C:\build\output\Unity-Technologies\mono\mono\metadata\icall.c:1842:
C:\build\output\Unity-Technologies\mono\mono\metadata\icall.c:1842:
C:\build\output\Unity-Technologies\mono\mono\metadata\icall.c:1842:
C:\build\output\Unity-Technologies\mono\mono\metadata\icall.c:1842:
C:\build\output\Unity-Technologies\mono\mono\metadata\icall.c:1842:
C:\build\output\Unity-Technologies\mono\mono\metadata\icall.c:1842:
Symbol file LoadedFromMemory doesn't match image C:\Users\jonah\assignment 3\Library\PackageCache\com.unity.visualscripting@1.8.0\Editor\VisualScripting.Core\Dependencies\YamlDotNet\Unity.VisualScripting.YamlDotNet.dll
Symbol file LoadedFromMemory doesn't match image C:\Users\jonah\assignment 3\Library\PackageCache\com.unity.visualscripting@1.8.0\Editor\VisualScripting.Core\Dependencies\DotNetZip\Unity.VisualScripting.IonicZip.dll
- Loaded All Assemblies, in  1.233 seconds
Refreshing native plugins compatible for Editor in 3.98 ms, found 3 plugins.
Native extension for Android target not found
Native extension for WindowsStandalone target not found
Native extension for WebGL target not found
Mono: successfully reloaded assembly
- Finished resetting the current domain, in  0.867 seconds
Domain Reload Profiling: 2095ms
	BeginReloadAssembly (345ms)
		ExecutionOrderSort (0ms)
		DisableScriptedObjects (9ms)
		BackupInstance (0ms)
		ReleaseScriptingObjects (0ms)
		CreateAndSetChildDomain (35ms)
	RebuildCommonClasses (41ms)
	RebuildNativeTypeToScriptingClass (13ms)
	initialDomainReloadingComplete (43ms)
	LoadAllAssembliesAndSetupDomain (786ms)
		LoadAssemblies (376ms)
		RebuildTransferFunctionScriptingTraits (0ms)
		AnalyzeDomain (519ms)
			TypeCache.Refresh (483ms)
				TypeCache.ScanAssembly (461ms)
			ScanForSourceGeneratedMonoScriptInfo (26ms)
			ResolveRequiredComponents (9ms)
	FinalizeReload (867ms)
		ReleaseScriptCaches (0ms)
		RebuildScriptCaches (0ms)
		SetupLoadedEditorAssemblies (582ms)
			LogAssemblyErrors (0ms)
			InitializePlatformSupportModulesInManaged (28ms)
			SetLoadedEditorAssemblies (5ms)
			BeforeProcessingInitializeOnLoad (89ms)
			ProcessInitializeOnLoadAttributes (431ms)
			ProcessInitializeOnLoadMethodAttributes (24ms)
			AfterProcessingInitializeOnLoad (5ms)
			EditorAssembliesLoaded (0ms)
		ExecutionOrderSort2 (0ms)
		AwakeInstancesAfterBackupRestoration (7ms)
Launched and connected shader compiler UnityShaderCompiler.exe after 0.01 seconds
Refreshing native plugins compatible for Editor in 4.19 ms, found 3 plugins.
Preloading 0 native plugins for Editor in 0.00 ms.
Unloading 4181 Unused Serialized files (Serialized files now loaded: 0)
Unloading 62 unused Assets / (0.8 MB). Loaded Objects now: 4751.
Memory consumption went from 249.7 MB to 248.9 MB.
Total: 5.536400 ms (FindLiveObjects: 0.434900 ms CreateObjectMapping: 0.399800 ms MarkObjects: 4.326400 ms  DeleteObjects: 0.373500 ms)

AssetImportParameters requested are different than current active one (requested -> active):
  custom:video-decoder-webm-vp8: 9c59270c3fd7afecdb556c50c9e8de78 -> 
  custom:SearchIndexIgnoredProperties: e643bd26f0fe6173181afceb89e7c659 -> 
  custom:audio-encoder-webm-vorbis: bf7c407c2cedff20999df2af8eb42d56 -> 
  custom:AudioImporter_EditorPlatform: d09bf68614088b80899f8185d706f6e7 -> 
  custom:audio-decoder-ogg-vorbis: bf7c407c2cedff20999df2af8eb42d56 -> 
  custom:video-encoder-webm-vp8: eb34c28f22e8b96e1ab97ce403110664 -> 
  custom:container-demuxer-ogg: 62fdf1f143b41e24485cea50d1cbac27 -> 
  custom:framework-win-MediaFoundation: 216162199b28c13a410421893ffa2e32 -> 
  custom:video-decoder-ogg-theora: a1e56fd34408186e4bbccfd4996cb3dc -> 
  custom:container-muxer-webm: aa71ff27fc2769a1b78a27578f13a17b -> 
  custom:CustomObjectIndexerAttribute: 756ad292c208cfabdd7b50bc23989ffe -> 
  custom:container-demuxer-webm: 4f35f7cbe854078d1ac9338744f61a02 -> 
========================================================================
Received Import Request.
  Time since last request: 406669.416874 seconds.
  path: Assets/Minimalist Free v2.4.2/Demos/AnotherIslandDemo/Model/Materials/MountainRock3.mat
  artifactKey: Guid(0a9fa88290552004a9551c2f80ac8f7b) Importer(815301076,1909f56bfc062723c751e8b465ee728b)
Start importing Assets/Minimalist Free v2.4.2/Demos/AnotherIslandDemo/Model/Materials/MountainRock3.mat using Guid(0a9fa88290552004a9551c2f80ac8f7b) Importer(815301076,1909f56bfc062723c751e8b465ee728b)  -> (artifact id: 'ab6d359ccb0d1c5976b4e6ea2fe18b62') in 0.155137 seconds
Number of updated asset objects reloaded before import = 0
Number of asset objects unloaded after import = 2
========================================================================
Received Import Request.
  Time since last request: 0.000044 seconds.
  path: Assets/Minimalist Free v2.4.2/Demos/AbstractBoxDemo/Materials/No Name.mat
  artifactKey: Guid(9a500d5755994f540bc81f05f68032a7) Importer(815301076,1909f56bfc062723c751e8b465ee728b)
Start importing Assets/Minimalist Free v2.4.2/Demos/AbstractBoxDemo/Materials/No Name.mat using Guid(9a500d5755994f540bc81f05f68032a7) Importer(815301076,1909f56bfc062723c751e8b465ee728b)  -> (artifact id: 'f6eed65a335c63dae840f8f7ce87e170') in 0.027898 seconds
Number of updated asset objects reloaded before import = 0
Number of asset objects unloaded after import = 1
========================================================================
Received Import Request.
  Time since last request: 0.000106 seconds.
  path: Assets/Minimalist Free v2.4.2/Demos/AnotherIslandDemo/Model/Materials/CaveRock.mat
  artifactKey: Guid(011abf0afe845b64f85adcbb8adad017) Importer(815301076,1909f56bfc062723c751e8b465ee728b)
Start importing Assets/Minimalist Free v2.4.2/Demos/AnotherIslandDemo/Model/Materials/CaveRock.mat using Guid(011abf0afe845b64f85adcbb8adad017) Importer(815301076,1909f56bfc062723c751e8b465ee728b)  -> (artifact id: 'cfc0513ea5c747d388074ffdd09f8d59') in 0.072252 seconds
Number of updated asset objects reloaded before import = 0
Number of asset objects unloaded after import = 2
========================================================================
Received Import Request.
  Time since last request: 0.000022 seconds.
  path: Assets/Minimalist Free v2.4.2/Demos/AbstractBoxDemo/Materials/Inner cube 1.mat
  artifactKey: Guid(e24ffc17721cc344bb82405b52f196d1) Importer(815301076,1909f56bfc062723c751e8b465ee728b)
Start importing Assets/Minimalist Free v2.4.2/Demos/AbstractBoxDemo/Materials/Inner cube 1.mat using Guid(e24ffc17721cc344bb82405b52f196d1) Importer(815301076,1909f56bfc062723c751e8b465ee728b)  -> (artifact id: '2f3e96603a78aea4ba7738a7e6136b79') in 0.077682 seconds
Number of updated asset objects reloaded before import = 0
Number of asset objects unloaded after import = 2
========================================================================
Received Import Request.
  Time since last request: 0.000019 seconds.
  path: Assets/Minimalist Free v2.4.2/Demos/AnotherIslandDemo/Model/Materials/FloatingRock.mat
  artifactKey: Guid(c9457a8f22c563040863071680079cb0) Importer(815301076,1909f56bfc062723c751e8b465ee728b)
Start importing Assets/Minimalist Free v2.4.2/Demos/AnotherIslandDemo/Model/Materials/FloatingRock.mat using Guid(c9457a8f22c563040863071680079cb0) Importer(815301076,1909f56bfc062723c751e8b465ee728b)  -> (artifact id: '69c8dd71a13634ea05b975ef8b88913f') in 0.073013 seconds
Number of updated asset objects reloaded before import = 0
Number of asset objects unloaded after import = 2
========================================================================
Received Import Request.
  Time since last request: 0.000017 seconds.
  path: Assets/Minimalist Free v2.4.2/Demos/AnotherIslandDemo/Model/Materials/No Name.mat
  artifactKey: Guid(372bc270495a39d408b00a3946f9dfb4) Importer(815301076,1909f56bfc062723c751e8b465ee728b)
Start importing Assets/Minimalist Free v2.4.2/Demos/AnotherIslandDemo/Model/Materials/No Name.mat using Guid(372bc270495a39d408b00a3946f9dfb4) Importer(815301076,1909f56bfc062723c751e8b465ee728b)  -> (artifact id: '199b06db57c3a9365e207a0118fc6f6d') in 0.012691 seconds
Number of updated asset objects reloaded before import = 0
Number of asset objects unloaded after import = 1
========================================================================
Received Import Request.
  Time since last request: 0.000035 seconds.
  path: Assets/Minimalist Free v2.4.2/Demos/MonumentValleyDemo/Materials/Material.001.mat
  artifactKey: Guid(89894b9ca1d5a5f478f247edc6de678b) Importer(815301076,1909f56bfc062723c751e8b465ee728b)
Start importing Assets/Minimalist Free v2.4.2/Demos/MonumentValleyDemo/Materials/Material.001.mat using Guid(89894b9ca1d5a5f478f247edc6de678b) Importer(815301076,1909f56bfc062723c751e8b465ee728b)  -> (artifact id: '899e00538099a8388d79a26ca769b2aa') in 0.017068 seconds
Number of updated asset objects reloaded before import = 0
Number of asset objects unloaded after import = 1
========================================================================
Received Import Request.
  Time since last request: 0.000017 seconds.
  path: Assets/Modern GDR - Free icons pack/01_Demo/Font/Jost-SemiBold SDF.asset
  artifactKey: Guid(9e7b2e80e2281274ba94b922835bc498) Importer(815301076,1909f56bfc062723c751e8b465ee728b)
Start importing Assets/Modern GDR - Free icons pack/01_Demo/Font/Jost-SemiBold SDF.asset using Guid(9e7b2e80e2281274ba94b922835bc498) Importer(815301076,1909f56bfc062723c751e8b465ee728b)  -> (artifact id: 'bc23b025971ffe0f246a1a2480e130be') in 0.042778 seconds
Number of updated asset objects reloaded before import = 0
Number of asset objects unloaded after import = 6
========================================================================
Received Import Request.
  Time since last request: 0.000051 seconds.
  path: Assets/Minimalist Free v2.4.2/Demos/AnotherIslandDemo/Model/Materials/MountainRock1.mat
  artifactKey: Guid(53458d10f60c5094e9ad37b1b6c1ce54) Importer(815301076,1909f56bfc062723c751e8b465ee728b)
Start importing Assets/Minimalist Free v2.4.2/Demos/AnotherIslandDemo/Model/Materials/MountainRock1.mat using Guid(53458d10f60c5094e9ad37b1b6c1ce54) Importer(815301076,1909f56bfc062723c751e8b465ee728b)  -> (artifact id: '54afb97f67d283a474e3151102408c92') in 0.065599 seconds
Number of updated asset objects reloaded before import = 0
Number of asset objects unloaded after import = 2
========================================================================
Received Import Request.
  Time since last request: 0.000017 seconds.
  path: Assets/Low Poly Helicopters Pack Free/Models/Materials/Plane.mat
  artifactKey: Guid(b0523834e700e4f4dbdd8eef5f955ac2) Importer(815301076,1909f56bfc062723c751e8b465ee728b)
Start importing Assets/Low Poly Helicopters Pack Free/Models/Materials/Plane.mat using Guid(b0523834e700e4f4dbdd8eef5f955ac2) Importer(815301076,1909f56bfc062723c751e8b465ee728b)  -> (artifact id: '3eaaa858f0df6900eadb4ee15eeb3cd1') in 0.013659 seconds
Number of updated asset objects reloaded before import = 0
Number of asset objects unloaded after import = 1
========================================================================
Received Import Request.
  Time since last request: 0.000066 seconds.
  path: Assets/Minimalist Free v2.4.2/Demos/AnotherIslandDemo/Model/Materials/MountainRock2.mat
  artifactKey: Guid(7b3dd90acdbf8ef42a79eaa31a45fa00) Importer(815301076,1909f56bfc062723c751e8b465ee728b)
Start importing Assets/Minimalist Free v2.4.2/Demos/AnotherIslandDemo/Model/Materials/MountainRock2.mat using Guid(7b3dd90acdbf8ef42a79eaa31a45fa00) Importer(815301076,1909f56bfc062723c751e8b465ee728b)  -> (artifact id: '61737dd652be8d3365b54fe0f723fe9a') in 0.068978 seconds
Number of updated asset objects reloaded before import = 0
Number of asset objects unloaded after import = 2
========================================================================
Received Import Request.
  Time since last request: 0.000029 seconds.
  path: Assets/Minimalist Free v2.4.2/Demos/CastleDemo/Materials/No Name.mat
  artifactKey: Guid(5092a61dd9a0170448aaec59b96b4be4) Importer(815301076,1909f56bfc062723c751e8b465ee728b)
Start importing Assets/Minimalist Free v2.4.2/Demos/CastleDemo/Materials/No Name.mat using Guid(5092a61dd9a0170448aaec59b96b4be4) Importer(815301076,1909f56bfc062723c751e8b465ee728b)  -> (artifact id: '42d518b2b5f8b29e8911969a65ffd926') in 0.013632 seconds
Number of updated asset objects reloaded before import = 0
Number of asset objects unloaded after import = 1
========================================================================
Received Import Request.
  Time since last request: 0.000028 seconds.
  path: Assets/Minimalist Free v2.4.2/Demos/MonumentValleyDemo/Materials/Flower.mat
  artifactKey: Guid(34a7017f0762a7b45b5a7658a90eaca1) Importer(815301076,1909f56bfc062723c751e8b465ee728b)
Start importing Assets/Minimalist Free v2.4.2/Demos/MonumentValleyDemo/Materials/Flower.mat using Guid(34a7017f0762a7b45b5a7658a90eaca1) Importer(815301076,1909f56bfc062723c751e8b465ee728b)  -> (artifact id: '14d14196c58764cd44e73cc3060bfdc4') in 0.056697 seconds
Number of updated asset objects reloaded before import = 0
Number of asset objects unloaded after import = 1
========================================================================
Received Import Request.
  Time since last request: 0.000022 seconds.
  path: Assets/Modern GDR - Free icons pack/01_Demo/Font/IbarraRealNova-SemiBold SDF.asset
  artifactKey: Guid(e719f61ab042ac94baf4b2e494f26531) Importer(815301076,1909f56bfc062723c751e8b465ee728b)
Start importing Assets/Modern GDR - Free icons pack/01_Demo/Font/IbarraRealNova-SemiBold SDF.asset using Guid(e719f61ab042ac94baf4b2e494f26531) Importer(815301076,1909f56bfc062723c751e8b465ee728b)  -> (artifact id: '300c18e46fc8641e313a8ba3d533e207') in 0.031540 seconds
Number of updated asset objects reloaded before import = 0
Number of asset objects unloaded after import = 6
========================================================================
Received Import Request.
  Time since last request: 0.000047 seconds.
  path: Assets/Minimalist Free v2.4.2/Demos/MonumentValleyDemo/Materials/Material2.mat
  artifactKey: Guid(7ed73fd61997f4e44aa3b696ac5678e8) Importer(815301076,1909f56bfc062723c751e8b465ee728b)
Start importing Assets/Minimalist Free v2.4.2/Demos/MonumentValleyDemo/Materials/Material2.mat using Guid(7ed73fd61997f4e44aa3b696ac5678e8) Importer(815301076,1909f56bfc062723c751e8b465ee728b)  -> (artifact id: '1a9ad0797d65ccaeea604cea307d47f2') in 0.018245 seconds
Number of updated asset objects reloaded before import = 0
Number of asset objects unloaded after import = 1
========================================================================
Received Import Request.
  Time since last request: 0.000022 seconds.
  path: Assets/Polytope Studio/Lowpoly_Environments/Sources/Materials/PT_Generic_Leaf_mat.mat
  artifactKey: Guid(aac20e0005fef5248bc0774a19a05e87) Importer(815301076,1909f56bfc062723c751e8b465ee728b)
Start importing Assets/Polytope Studio/Lowpoly_Environments/Sources/Materials/PT_Generic_Leaf_mat.mat using Guid(aac20e0005fef5248bc0774a19a05e87) Importer(815301076,1909f56bfc062723c751e8b465ee728b)  -> (artifact id: 'f64b4cbebe097227c76411529edcfe5f') in 0.712951 seconds
Number of updated asset objects reloaded before import = 0
Number of asset objects unloaded after import = 1
========================================================================
Received Import Request.
  Time since last request: 0.883096 seconds.
  path: Assets/Polytope Studio/Lowpoly_Environments/Sources/Materials/PT_Generic_Tree_Trunk_mat.mat
  artifactKey: Guid(e6ce4253a748b0849a04b87f33cc539d) Importer(815301076,1909f56bfc062723c751e8b465ee728b)
Start importing Assets/Polytope Studio/Lowpoly_Environments/Sources/Materials/PT_Generic_Tree_Trunk_mat.mat using Guid(e6ce4253a748b0849a04b87f33cc539d) Importer(815301076,1909f56bfc062723c751e8b465ee728b)  -> (artifact id: 'c696537ad9486f512c2728e468d60aea') in 0.503719 seconds
Number of updated asset objects reloaded before import = 0
Number of asset objects unloaded after import = 2
========================================================================
Received Import Request.
  Time since last request: 0.000020 seconds.
  path: Assets/Polytope Studio/Lowpoly_Environments/Sources/Materials/PT_Pine_Tree_Trunk_Mat.mat
  artifactKey: Guid(f43a7dc4f39c5654a8211b83259e32a9) Importer(815301076,1909f56bfc062723c751e8b465ee728b)
Start importing Assets/Polytope Studio/Lowpoly_Environments/Sources/Materials/PT_Pine_Tree_Trunk_Mat.mat using Guid(f43a7dc4f39c5654a8211b83259e32a9) Importer(815301076,1909f56bfc062723c751e8b465ee728b)  -> (artifact id: '22d01c95a64dbeb188177b3f811770db') in 0.014594 seconds
Number of updated asset objects reloaded before import = 0
Number of asset objects unloaded after import = 2
========================================================================
Received Import Request.
  Time since last request: 1.698682 seconds.
  path: Assets/Polytope Studio/Lowpoly_Props/Sources/Materials/PT_Props_mat.mat
  artifactKey: Guid(c681da389980e45469889866404b0744) Importer(815301076,1909f56bfc062723c751e8b465ee728b)
Start importing Assets/Polytope Studio/Lowpoly_Props/Sources/Materials/PT_Props_mat.mat using Guid(c681da389980e45469889866404b0744) Importer(815301076,1909f56bfc062723c751e8b465ee728b)  -> (artifact id: '8f2ceba86aca700f4efa774848c3c0c4') in 0.018722 seconds
Number of updated asset objects reloaded before import = 0
Number of asset objects unloaded after import = 3
========================================================================
Received Import Request.
  Time since last request: 0.000031 seconds.
  path: Assets/Polytope Studio/Lowpoly_Environments/Sources/Materials/PT_Skybox_mat.mat
  artifactKey: Guid(59573b088aaea0442bf29e0a0e9d1339) Importer(815301076,1909f56bfc062723c751e8b465ee728b)
Start importing Assets/Polytope Studio/Lowpoly_Environments/Sources/Materials/PT_Skybox_mat.mat using Guid(59573b088aaea0442bf29e0a0e9d1339) Importer(815301076,1909f56bfc062723c751e8b465ee728b)  -> (artifact id: 'c89cf86c5874d750a3c0a2e300d1f4c8') in 0.059945 seconds
Number of updated asset objects reloaded before import = 0
Number of asset objects unloaded after import = 2
========================================================================
Received Import Request.
  Time since last request: 0.000020 seconds.
  path: Assets/Polytope Studio/Lowpoly_Environments/Sources/Materials/PT_Terrain_mat.mat
  artifactKey: Guid(48c26796e9175d14a9b2eccded92bb92) Importer(815301076,1909f56bfc062723c751e8b465ee728b)
Start importing Assets/Polytope Studio/Lowpoly_Environments/Sources/Materials/PT_Terrain_mat.mat using Guid(48c26796e9175d14a9b2eccded92bb92) Importer(815301076,1909f56bfc062723c751e8b465ee728b)  -> (artifact id: 'c02f594b2ffa4dc44db460d384deb1f1') in 0.013825 seconds
Number of updated asset objects reloaded before import = 0
Number of asset objects unloaded after import = 1
========================================================================
Received Import Request.
  Time since last request: 0.441032 seconds.
  path: Assets/Minimalist Free v2.4.2/Demos/AnotherIslandDemo/Model/Materials/RockyPathway.mat
  artifactKey: Guid(b4aae41c388aa2d4c8d3dc4b8ee5606f) Importer(815301076,1909f56bfc062723c751e8b465ee728b)
Start importing Assets/Minimalist Free v2.4.2/Demos/AnotherIslandDemo/Model/Materials/RockyPathway.mat using Guid(b4aae41c388aa2d4c8d3dc4b8ee5606f) Importer(815301076,1909f56bfc062723c751e8b465ee728b)  -> (artifact id: '135e10e8bf5a9b0abb04fab3091f6e1d') in 0.060726 seconds
Number of updated asset objects reloaded before import = 0
Number of asset objects unloaded after import = 1
========================================================================
Received Import Request.
  Time since last request: 1.604038 seconds.
  path: Assets/Minimalist Free v2.4.2/Demos/AbstractBoxDemo/Materials/Sky 1.mat
  artifactKey: Guid(99f140cd0f4d6fd439739aacfc9f8e80) Importer(815301076,1909f56bfc062723c751e8b465ee728b)
Start importing Assets/Minimalist Free v2.4.2/Demos/AbstractBoxDemo/Materials/Sky 1.mat using Guid(99f140cd0f4d6fd439739aacfc9f8e80) Importer(815301076,1909f56bfc062723c751e8b465ee728b)  -> (artifact id: '1b762d2d08245bdb21497c6db2971e31') in 0.011710 seconds
Number of updated asset objects reloaded before import = 0
Number of asset objects unloaded after import = 1
========================================================================
Received Import Request.
  Time since last request: 0.047020 seconds.
  path: Assets/Minimalist Free v2.4.2/Demos/CastleDemo/Materials/Stone.mat
  artifactKey: Guid(48ae2f068b9d1d6408a511c69b062e95) Importer(815301076,1909f56bfc062723c751e8b465ee728b)
Start importing Assets/Minimalist Free v2.4.2/Demos/CastleDemo/Materials/Stone.mat using Guid(48ae2f068b9d1d6408a511c69b062e95) Importer(815301076,1909f56bfc062723c751e8b465ee728b)  -> (artifact id: 'a5dd53e394f4c7c7c10fc7dad8324fb6') in 0.050979 seconds
Number of updated asset objects reloaded before import = 0
Number of asset objects unloaded after import = 1
========================================================================
Received Import Request.
  Time since last request: 1.765467 seconds.
  path: Assets/Minimalist Free v2.4.2/Demos/CastleDemo/Materials/Tower.mat
  artifactKey: Guid(6745a1f90669faa42a49d7f9dd4cd727) Importer(815301076,1909f56bfc062723c751e8b465ee728b)
Start importing Assets/Minimalist Free v2.4.2/Demos/CastleDemo/Materials/Tower.mat using Guid(6745a1f90669faa42a49d7f9dd4cd727) Importer(815301076,1909f56bfc062723c751e8b465ee728b)  -> (artifact id: 'ccbc2558a6139cc02efbeb3270e76148') in 0.063007 seconds
Number of updated asset objects reloaded before import = 0
Number of asset objects unloaded after import = 1
Editor requested this worker to shutdown with reason: Scaling down because of idle timeout
AssetImportWorker is now disconnected from the server
Process exiting
Exiting without the bug reporter. Application will terminate with return code 0